<?xml version="1.0" encoding="UTF-8"?>
<testsuite name="com.addressbook.testCasesAddressBook" tests="1" skipped="0" failures="0" errors="0" timestamp="2019-12-06T07:13:15" hostname="admin1-Lenovo-Product" time="0.183">
  <properties/>
  <testcase name="sortAddressbook_ByZip_ShouldReturnExpectedValue" classname="com.addressbook.testCasesAddressBook" time="0.183"/>
  <system-out><![CDATA[]]></system-out>
  <system-err><![CDATA[]]></system-err>
</testsuite>
