<?xml version="1.0" encoding="UTF-8"?>
<testsuite name="com.addressbook.testCasesAddressBook" tests="1" skipped="0" failures="0" errors="0" timestamp="2019-12-06T07:00:36" hostname="admin1-Lenovo-Product" time="0.167">
  <properties/>
  <testcase name="givenPersonId_DeletePersonFromAddressbook_ButPersonIdDoesNotExist_ShouldReturnOne" classname="com.addressbook.testCasesAddressBook" time="0.167"/>
  <system-out><![CDATA[]]></system-out>
  <system-err><![CDATA[]]></system-err>
</testsuite>
