<?xml version="1.0" encoding="UTF-8"?>
<testsuite name="com.addressbook.testCasesAddressBook" tests="1" skipped="1" failures="0" errors="0" timestamp="2019-12-06T12:27:12" hostname="admin1-Lenovo-Product" time="2.725">
  <properties/>
  <testcase name="closeAddressBook_NoAddressbookIsOpen_ShouldThrowException" classname="com.addressbook.testCasesAddressBook" time="2.725">
    <skipped/>
  </testcase>
  <system-out><![CDATA[]]></system-out>
  <system-err><![CDATA[]]></system-err>
</testsuite>
